[debug] [2025-08-01T13:23:11.087Z] ----------------------------------------------------------------------
[debug] [2025-08-01T13:23:11.091Z] Command:       C:\nvm4w\nodejs\node.exe C:\nvm4w\nodejs\node_modules\firebase-tools\lib\bin\firebase.js init emulators
[debug] [2025-08-01T13:23:11.092Z] CLI Version:   14.11.2
[debug] [2025-08-01T13:23:11.092Z] Platform:      win32
[debug] [2025-08-01T13:23:11.092Z] Node Version:  v20.18.3
[debug] [2025-08-01T13:23:11.092Z] Time:          Fri Aug 01 2025 18:53:11 GMT+0530 (India Standard Time)
[debug] [2025-08-01T13:23:11.092Z] ----------------------------------------------------------------------
[debug] 
[debug] [2025-08-01T13:23:11.459Z] > command requires scopes: ["email","openid","https://www.googleapis.com/auth/cloudplatformprojects.readonly","https://www.googleapis.com/auth/firebase","https://www.googleapis.com/auth/cloud-platform"]
[debug] [2025-08-01T13:23:11.460Z] > authorizing via signed-in user (jaydeepmishra333@gmail.com)
[info] 
     ######## #### ########  ######## ########     ###     ######  ########
     ##        ##  ##     ## ##       ##     ##  ##   ##  ##       ##
     ######    ##  ########  ######   ########  #########  ######  ######
     ##        ##  ##    ##  ##       ##     ## ##     ##       ## ##
     ##       #### ##     ## ######## ########  ##     ##  ######  ########

You're about to initialize a Firebase project in this directory:

  C:\Users\jayde\OneDrive\Documents\Call of Duty\txt-collab

Before we get started, keep in mind:

  * You are initializing within an existing Firebase project directory

[info] 
=== Project Setup
[info] 
[info] First, let's associate this project directory with a Firebase project.
[info] You can create multiple project aliases by running firebase use --add, 
[info] but for now we'll just set up a default project.
[info] 
[debug] [2025-08-01T13:23:20.298Z] Using project from CLI flag: txt-collab-dev
[debug] [2025-08-01T13:23:20.301Z] Checked if tokens are valid: true, expires at: 1754058178136
[debug] [2025-08-01T13:23:20.302Z] Checked if tokens are valid: true, expires at: 1754058178136
[debug] [2025-08-01T13:23:20.305Z] >>> [apiv2][query] GET https://firebase.googleapis.com/v1beta1/projects/txt-collab-dev [none]
[debug] [2025-08-01T13:23:21.004Z] <<< [apiv2][status] GET https://firebase.googleapis.com/v1beta1/projects/txt-collab-dev 403
[debug] [2025-08-01T13:23:21.004Z] <<< [apiv2][body] GET https://firebase.googleapis.com/v1beta1/projects/txt-collab-dev {"error":{"code":403,"message":"The caller does not have permission","status":"PERMISSION_DENIED"}}
[debug] [2025-08-01T13:23:21.007Z] Request to https://firebase.googleapis.com/v1beta1/projects/txt-collab-dev had HTTP Error: 403, The caller does not have permission
[debug] [2025-08-01T13:23:21.391Z] FirebaseError: Request to https://firebase.googleapis.com/v1beta1/projects/txt-collab-dev had HTTP Error: 403, The caller does not have permission
    at responseToError (C:\Users\jayde\AppData\Local\nvm\v20.18.3\node_modules\firebase-tools\lib\responseToError.js:52:12)
    at RetryOperation._fn (C:\Users\jayde\AppData\Local\nvm\v20.18.3\node_modules\firebase-tools\lib\apiv2.js:312:77)
    at process.processTicksAndRejections (node:internal/process/task_queues:95:5)
[error] 
[error] Error: Failed to get Firebase project txt-collab-dev. Please make sure the project exists and your account has permission to access it.
